cd /scratch2/msc25h32/redmule/target/sim/vsim;                \
questa-2023.4 vsim redmule_tb_wrap_opt \
 -suppress vsim-3009 -c -suppress 3009                  \
                 \
+STIM_INSTR=/scratch2/msc25h32/redmule/sw/build/stim_instr.txt     \
+STIM_DATA=/scratch2/msc25h32/redmule/sw/build/stim_data.txt       \
+STACK_INIT=/scratch2/msc25h32/redmule/sw/build/stack_init.txt     \
-gPROB_STALL=0.0       \
-gUseXif=0            \
-do "run -a"
Reading pref.tcl

# 2023.4

# vsim redmule_tb_wrap_opt -suppress vsim-3009 -suppress 3009 -c "+STIM_INSTR=/scratch2/msc25h32/redmule/sw/build/stim_instr.txt" "+STIM_DATA=/scratch2/msc25h32/redmule/sw/build/stim_data.txt" "+STACK_INIT=/scratch2/msc25h32/redmule/sw/build/stack_init.txt" -do "run -a" -gUseXif=0 -gPROB_STALL=0.0 
# Start time: 18:08:49 on Apr 08,2026
# //  Questa Sim-64
# //  Version 2023.4 linux_x86_64 Oct  9 2023
# //
# //  Copyright 1991-2023 Mentor Graphics Corporation
# //  All Rights Reserved.
# //
# //  QuestaSim and its associated documentation contain trade
# //  secrets and commercial or financial information that are the property of
# //  Mentor Graphics Corporation and are privileged, confidential,
# //  and exempt from disclosure under the Freedom of Information Act,
# //  5 U.S.C. Section 552. Furthermore, this information
# //  is prohibited from disclosure under the Trade Secrets Act,
# //  18 U.S.C. Section 1905.
# //
# Loading sv_std.std
# Loading work.fpnew_pkg(fast)
# Loading work.hwpe_stream_package(fast)
# Loading work.hci_package(fast)
# Loading work.redmule_pkg(fast)
# Loading work.redmule_tb_wrap(fast)
# Loading work.redmule_tb_sv_unit(fast)
# Loading work.redmule_tb(fast)
# Loading work.hwpe_stream_intf_stream(fast__1)
# Loading work.hci_core_intf(fast__1)
# Loading work.tb_dummy_memory(fast)
# Loading work.tb_dummy_memory(fast__1)
# ** Warning: (vsim-3852) Invalid override of parameter '/redmule_tb_wrap/i_redmule_tb/i_dummy_imemory/PROB_STALL' whose value may no longer be modified.
#    Time: 0 ns  Iteration: 0  Instance: /redmule_tb_wrap/i_redmule_tb/i_dummy_imemory File: /scratch2/msc25h32/redmule/target/sim/src/tb_dummy_memory.sv
# ** Warning: (vsim-3852) Invalid override of parameter '/redmule_tb_wrap/i_redmule_tb/i_dummy_stack_memory/PROB_STALL' whose value may no longer be modified.
#    Time: 0 ns  Iteration: 0  Instance: /redmule_tb_wrap/i_redmule_tb/i_dummy_stack_memory File: /scratch2/msc25h32/redmule/target/sim/src/tb_dummy_memory.sv
# Loading work.cf_math_pkg(fast)
# Loading work.obi_pkg(fast)
# Loading work.hwpe_ctrl_package(fast)
# Loading work.cv32e40x_pkg(fast)
# Loading work.redmule_complex(fast)
# Loading work.hwpe_ctrl_intf_periph(fast__1)
# Loading work.tc_clk_gating(fast)
# Loading work.cv32e40x_if_xif(fast__1)
# Loading work.obi_cut(fast)
# Loading work.spill_register(fast)
# Loading work.spill_register_flushable(fast)
# Loading work.spill_register(fast__1)
# Loading work.spill_register_flushable(fast__1)
# Loading work.redmule_top(fast)
# Loading work.hwpe_ctrl_intf_periph(fast__2)
# Loading work.hwpe_stream_intf_stream(fast__2)
# Loading work.hwpe_stream_intf_stream(fast__3)
# Loading work.hwpe_stream_intf_stream(fast__4)
# Loading work.redmule_streamer(fast)
# Loading work.hci_core_intf(fast__2)
# Loading work.hci_core_assign(fast)
# Loading work.redmule_mux(fast)
# Loading work.hci_core_r_id_filter(fast)
# Loading work.hci_core_r_valid_filter(fast)
# Loading work.hci_core_sink(fast)
# Loading work.hwpe_stream_intf_stream(fast__5)
# Loading work.hwpe_stream_intf_stream(fast__6)
# Loading work.hci_core_intf(fast__4)
# Loading work.hwpe_stream_addressgen_v3_sv_unit(fast)
# Loading work.hwpe_stream_addressgen_v3(fast)
# Loading work.hwpe_stream_fifo_sv_unit(fast)
# Loading work.hwpe_stream_fifo(fast)
# Loading work.hci_core_assign(fast__1)
# Loading work.hci_core_intf(fast__5)
# Loading work.hci_core_intf(fast__6)
# Loading work.redmule_castout_sv_unit(fast)
# Loading work.redmule_castout(fast)
# Loading work.fpnew_cast_multi(fast)
# Loading work.fpnew_classifier(fast)
# Loading work.fpnew_classifier(fast__1)
# Loading work.fpnew_classifier(fast__2)
# Loading work.lzc(fast)
# Loading work.fpnew_rounding(fast)
# Loading work.hci_core_fifo(fast)
# Loading work.hwpe_stream_intf_stream(fast__7)
# Loading work.hwpe_stream_intf_stream(fast__8)
# Loading work.hwpe_stream_intf_stream(fast__9)
# Loading work.hwpe_stream_intf_stream(fast__10)
# Loading work.hwpe_stream_fifo(fast__1)
# Loading work.hwpe_stream_fifo(fast__2)
# Loading work.hci_core_assign(fast__2)
# Loading work.hci_core_assign(fast__3)
# Loading work.hci_core_fifo(fast__1)
# Loading work.hwpe_stream_fifo(fast__3)
# Loading work.hwpe_stream_fifo(fast__4)
# Loading work.redmule_castin_sv_unit(fast)
# Loading work.redmule_castin(fast)
# Loading work.hci_core_source(fast)
# Loading work.hwpe_stream_intf_stream(fast__12)
# Loading work.hwpe_stream_addressgen_v3(fast__1)
# Loading work.hwpe_stream_fifo(fast__5)
# Loading work.hwpe_stream_intf_stream(fast__13)
# Loading work.hwpe_stream_intf_stream(fast__14)
# Loading work.hwpe_stream_fifo(fast__6)
# Loading work.hwpe_stream_assign_sv_unit(fast)
# Loading work.hwpe_stream_assign(fast)
# Loading work.hwpe_stream_assign(fast__1)
# Loading work.hwpe_stream_fifo(fast__7)
# Loading work.redmule_exp_buffer(fast)
# Loading work.redmule_exp_buffer(fast__1)
# Loading work.redmule_mx_slot_buffer(fast)
# Loading work.redmule_mx_arbiter(fast)
# Loading work.redmule_mx_decoder(fast)
# Loading work.redmule_mx_input_mux(fast)
# Loading work.redmule_mx_beat_unpack(fast)
# Loading work.hwpe_stream_fifo(fast__8)
# Loading work.hwpe_stream_fifo(fast__9)
# Loading work.redmule_x_buffer(fast)
# Loading work.redmule_x_pad_scm(fast)
# Loading work.redmule_x_buffer_scm(fast)
# Loading work.redmule_w_buffer(fast)
# Loading work.redmule_w_buffer_scm(fast)
# Loading work.redmule_z_buffer(fast)
# Loading work.redmule_z_buffer_scm(fast)
# Loading work.redmule_engine(fast)
# Loading work.redmule_row(fast)
# Loading work.redmule_ce(fast)
# Loading work.cluster_clock_gating(fast)
# Loading work.redmule_noncomp(fast)
# Loading work.fpnew_classifier(fast__3)
# Loading work.redmule_fma(fast)
# Loading work.fpnew_classifier(fast__4)
# Loading work.lzc(fast__1)
# Loading work.fpnew_rounding(fast__1)
# Loading work.redmule_noncomp(fast__1)
# Loading work.redmule_mx_output_stage(fast)
# Loading work.redmule_mx_fifo(fast)
# Loading work.redmule_mx_encoder(fast)
# Loading work.redmule_memory_scheduler(fast)
# Loading work.redmule_ctrl_sv_unit(fast)
# Loading work.redmule_ctrl(fast)
# Loading work.hwpe_ctrl_slave(fast)
# Loading work.hwpe_ctrl_regfile(fast)
# Loading work.hwpe_ctrl_regfile_latch_test_wrap(fast)
# Loading work.hwpe_ctrl_regfile_ff(fast)
# Loading work.redmule_tiler(fast)
# Loading work.hwpe_ctrl_seq_mult(fast)
# Loading work.hwpe_ctrl_seq_mult(fast__1)
# Loading work.redmule_scheduler(fast)
# Loading work.hwpe_stream_intf_tcdm(fast__1)
# Loading work.cv32e40p_apu_core_pkg(fast)
# Loading work.cv32e40p_wrapper(fast)
# Loading work.cv32e40p_core_log(fast)
# Loading work.cv32e40p_pkg(fast)
# Loading work.cv32e40p_tracer_pkg(fast)
# Loading mtiUvm.uvm_pkg(fast)
# Loading mtiUvm.questa_uvm_pkg(fast)
# Loading work.cv32e40p_tracer(fast)
# Loading work.cv32e40p_core(fast)
# Loading work.cv32e40p_sleep_unit(fast)
# Loading work.cv32e40p_clock_gate(fast)
# Loading work.cv32e40p_if_stage(fast)
# Loading work.cv32e40p_prefetch_buffer(fast)
# Loading work.cv32e40p_prefetch_controller(fast)
# Loading work.cv32e40p_fifo(fast)
# Loading work.cv32e40p_obi_interface(fast)
# Loading work.cv32e40p_aligner(fast)
# Loading work.cv32e40p_compressed_decoder(fast)
# Loading work.cv32e40p_fpu_pkg(fast)
# Loading work.cv32e40p_id_stage(fast)
# Loading work.cv32e40p_register_file(fast)
# Loading work.cv32e40p_decoder(fast)
# Loading work.cv32e40p_controller(fast)
# Loading work.cv32e40p_int_controller(fast)
# Loading work.cv32e40p_ex_stage(fast)
# Loading work.cv32e40p_alu(fast)
# Loading work.cv32e40p_popcnt(fast)
# Loading work.cv32e40p_ff_one(fast)
# Loading work.cv32e40p_alu_div(fast)
# Loading work.cv32e40p_mult(fast)
# Loading work.cv32e40p_load_store_unit(fast)
# Loading work.cv32e40p_obi_interface(fast__1)
# Loading work.cv32e40p_cs_registers(fast)
# Loading work.addr_decode(fast)
# Loading work.addr_decode_dync(fast)
# Loading work.obi_demux(fast)
# Loading work.delta_counter(fast)
# Loading work.hci_core_intf(fast__3)
# Loading work.hci_core_intf(fast__7)
# Loading work.hci_core_intf(fast__8)
# Loading work.hci_core_intf(fast__9)
# Loading work.hwpe_stream_intf_stream(fast__11)
# Loading /usr/pack/questa-2023.4-zr/questasim/uvm-1.1d/linux_x86_64/uvm_dpi.so
# run -a
# ----------------------------------------------------------------
# UVM-1.1d
# (C) 2007-2013 Mentor Graphics Corporation
# (C) 2007-2013 Cadence Design Systems, Inc.
# (C) 2006-2013 Synopsys, Inc.
# (C) 2011-2013 Cypress Semiconductor Corp.
# ----------------------------------------------------------------
# 
#   ***********       IMPORTANT RELEASE NOTES         ************
# 
#   You are using a version of the UVM library that has been compiled
#   with `UVM_NO_DEPRECATED undefined.
#   See http://www.eda.org/svdb/view.php?id=3313 for more details.
# 
#   You are using a version of the UVM library that has been compiled
#   with `UVM_OBJECT_MUST_HAVE_CONSTRUCTOR undefined.
#   See http://www.eda.org/svdb/view.php?id=3770 for more details.
# 
#       (Specify +UVM_NO_RELNOTES to turn off this notice)
# 
# UVM_INFO verilog_src/questa_uvm_pkg-1.2/src/questa_uvm_pkg.sv(277) @ 0: reporter [Questa UVM] QUESTA_UVM-1.2.3
# UVM_INFO verilog_src/questa_uvm_pkg-1.2/src/questa_uvm_pkg.sv(278) @ 0: reporter [Questa UVM]  questa_uvm::init(+struct)
# [TB][STALL] Monitoring scheduler stall_engine (non-fatal)
# [cv32e40p_core]: PULP_XPULP =          0, PULP_CLUSTER =           0, FPU          0, PULP_ZFINX          0, NUM_MHPMCOUNTERS           1
# Please find STIM_INSTR loaded from /scratch2/msc25h32/redmule/sw/build/stim_instr.txt
# Please find STIM_DATA loaded from /scratch2/msc25h32/redmule/sw/build/stim_data.txt
# Please find STACK_INIT loaded from /scratch2/msc25h32/redmule/sw/build/stack_init.txt
# [TB] MX dir derived from STIM_DATA: /scratch2/msc25h32/redmule/sw/build
# [TB] FW is responsible for loading MX exponent tables
# [CORE_TRACER  0] Output filename is: trace_core_00000000.log
# [DEBUG] Main started
# [DEBUG] X exp addr: 0x1c02ea00, W exp addr: 0x1c02e200
# [DEBUG] Writing ARITH reg: 0x00010480 (MX enable=1)
# [DEBUG] X addr: 0x1c032d00, W addr: 0x1c02ed00, Z addr: 0x1c022200
# [DEBUG] X exp addr: 0x1c02ea00, W exp addr: 0x1c02e200
# Triggering accelerator and going to sleep...
# ** Warning: ASSERTION FAILURE HWPE_STREAM_VALID_DEASSERT          1
#    Time: 17202 ns Started: 17202 ns  Scope: redmule_tb_wrap.i_redmule_tb.i_dut.i_redmule_top.i_streamer.gen_tcdm2stream[4].i_stream_source.missaligned_access_gen.addr_misaligned_push.HWPE_STREAM_VALID_DEASSERT File: /scratch2/msc25h32/redmule/.bender/git/checkouts/hwpe-stream-ab150de1021c0132/rtl/hwpe_stream_interfaces.sv Line: 120
# [DBG][KTILE] t=17432000 y_cols_iter 0 -> 1  y_height=64 z_height=64  y_rows_q=0  first_load=1  LEFTOVERS[7:0]=0  W_ITERS[15:0]=2  w_cols_iter_q=0
# [DBG][ZEMPTY] t=17432000 w_cols_q=0 y_cols_q=0 y_height=64 z_height=64 first_load=1
# [TB][STALL] Engine stalled at 17449000 ps | state=2 w_valid=0 (en=1) x_full=0 (en=0) y_loaded=0 (en=0)
# [TB][STALL] Engine stalled at 17497000 ps | state=2 w_valid=1 (en=1) x_full=0 (en=1) y_loaded=1 (en=0)
# [DBG][EXPBUF][redmule_tb_wrap.i_redmule_tb.i_dut.i_redmule_top.i_x_exp_buffer] REWIND at t=17620000  read_ptr 128 -> mark 0  occ 640 -> 768  seg_consumed 128 -> 0
# [TB][STALL] Engine stalled at 17680000 ps | state=2 w_valid=0 (en=1) x_full=0 (en=0) y_loaded=1 (en=0)
# [TB][STALL] Engine stalled at 17683000 ps | state=2 w_valid=1 (en=1) x_full=0 (en=1) y_loaded=1 (en=0)
# [DBG][KWAIT] t=17754000 w_cols_iter_en w_cols_q=0->1 w_rows_q=127 z_height_now=64 y_height_now=64
# [DBG][YPUSH] t=17756000 y_push_cnt=0/64 y_height=64 accum=1 pushing_y=0 w_rows=0
# [DBG][FILL] t=17757000 fill_cnt=0/64 z_height=64 y_height=64
# [TB][STALL] Engine stalled at 17814000 ps | state=2 w_valid=0 (en=1) x_full=0 (en=0) y_loaded=1 (en=0)
# [DBG][YPUSH] t=17820000 y_push_cnt=63/64 y_height=64 accum=0 pushing_y=1 w_rows=32
# [DBG][FILL] t=17821000 fill_cnt=63/64 z_height=64 y_height=64
# [DBG][KTILE] t=17853000 y_cols_iter 1 -> 0  y_height=64 z_height=64  y_rows_q=0  first_load=0  LEFTOVERS[7:0]=0  W_ITERS[15:0]=2  w_cols_iter_q=1
# [DBG][ZEMPTY] t=17853000 w_cols_q=1 y_cols_q=1 y_height=64 z_height=64 first_load=0
# [TB][STALL] Engine stalled at 17883000 ps | state=2 w_valid=1 (en=1) x_full=0 (en=1) y_loaded=0 (en=0)
# [DBG][EXPBUF][redmule_tb_wrap.i_redmule_tb.i_dut.i_redmule_top.i_x_exp_buffer] MARK at t=18012000  read_ptr=128  write_ptr=768  occ=640  total_written=768  total_count=768  seg_consumed=128
# [TB][STALL] Engine stalled at 18072000 ps | state=2 w_valid=0 (en=1) x_full=0 (en=0) y_loaded=1 (en=0)
# [TB][STALL] Engine stalled at 18076000 ps | state=2 w_valid=1 (en=1) x_full=0 (en=1) y_loaded=1 (en=0)
# [DBG][EXPBUF][redmule_tb_wrap.i_redmule_tb.i_dut.i_redmule_top.i_w_exp_buffer] REWIND at t=18113000  read_ptr 512 -> mark 0  occ 0 -> 512  seg_consumed 512 -> 0
# [DBG][KWAIT] t=18113000 w_cols_iter_en w_cols_q=1->0 w_rows_q=127 z_height_now=64 y_height_now=64
# [TB][STALL] Engine stalled at 18115000 ps | state=2 w_valid=0 (en=1) x_full=0 (en=0) y_loaded=1 (en=1)
# [DBG][KTILE] t=18219000 y_cols_iter 0 -> 1  y_height=64 z_height=64  y_rows_q=1  first_load=0  LEFTOVERS[7:0]=0  W_ITERS[15:0]=2  w_cols_iter_q=0
# [DBG][ZEMPTY] t=18219000 w_cols_q=0 y_cols_q=0 y_height=64 z_height=64 first_load=0
# [TB][STALL] Engine stalled at 18249000 ps | state=2 w_valid=1 (en=1) x_full=0 (en=1) y_loaded=0 (en=0)
# [DBG][EXPBUF][redmule_tb_wrap.i_redmule_tb.i_dut.i_redmule_top.i_x_exp_buffer] REWIND at t=18404000  read_ptr 256 -> mark 128  occ 512 -> 640  seg_consumed 128 -> 0
# [TB][STALL] Engine stalled at 18464000 ps | state=2 w_valid=0 (en=1) x_full=0 (en=0) y_loaded=1 (en=0)
# [TB][STALL] Engine stalled at 18468000 ps | state=2 w_valid=1 (en=1) x_full=0 (en=1) y_loaded=1 (en=0)
# [DBG][KWAIT] t=18538000 w_cols_iter_en w_cols_q=0->1 w_rows_q=127 z_height_now=64 y_height_now=64
# [DBG][YPUSH] t=18540000 y_push_cnt=0/64 y_height=64 accum=1 pushing_y=0 w_rows=0
# [DBG][FILL] t=18541000 fill_cnt=0/64 z_height=64 y_height=64
# [TB][STALL] Engine stalled at 18598000 ps | state=2 w_valid=0 (en=1) x_full=0 (en=0) y_loaded=1 (en=0)
# [DBG][YPUSH] t=18604000 y_push_cnt=63/64 y_height=64 accum=0 pushing_y=1 w_rows=32
# [DBG][FILL] t=18605000 fill_cnt=63/64 z_height=64 y_height=64
# [DBG][KTILE] t=18637000 y_cols_iter 1 -> 0  y_height=64 z_height=64  y_rows_q=1  first_load=0  LEFTOVERS[7:0]=0  W_ITERS[15:0]=2  w_cols_iter_q=1
# [DBG][ZEMPTY] t=18637000 w_cols_q=1 y_cols_q=1 y_height=64 z_height=64 first_load=0
# [TB][STALL] Engine stalled at 18667000 ps | state=2 w_valid=1 (en=1) x_full=0 (en=1) y_loaded=0 (en=0)
# [DBG][EXPBUF][redmule_tb_wrap.i_redmule_tb.i_dut.i_redmule_top.i_x_exp_buffer] MARK at t=18796000  read_ptr=256  write_ptr=768  occ=512  total_written=768  total_count=768  seg_consumed=128
# [TB][STALL] Engine stalled at 18856000 ps | state=2 w_valid=0 (en=1) x_full=0 (en=0) y_loaded=1 (en=0)
# [TB][STALL] Engine stalled at 18860000 ps | state=2 w_valid=1 (en=1) x_full=0 (en=1) y_loaded=1 (en=0)
# [DBG][EXPBUF][redmule_tb_wrap.i_redmule_tb.i_dut.i_redmule_top.i_w_exp_buffer] REWIND at t=18897000  read_ptr 512 -> mark 0  occ 0 -> 512  seg_consumed 512 -> 0
# [DBG][KWAIT] t=18897000 w_cols_iter_en w_cols_q=1->0 w_rows_q=127 z_height_now=64 y_height_now=64
# [TB][STALL] Engine stalled at 18899000 ps | state=2 w_valid=0 (en=1) x_full=0 (en=0) y_loaded=1 (en=1)
# [DBG][KTILE] t=19003000 y_cols_iter 0 -> 1  y_height=64 z_height=64  y_rows_q=2  first_load=0  LEFTOVERS[7:0]=0  W_ITERS[15:0]=2  w_cols_iter_q=0
# [DBG][ZEMPTY] t=19003000 w_cols_q=0 y_cols_q=0 y_height=64 z_height=64 first_load=0
# [TB][STALL] Engine stalled at 19033000 ps | state=2 w_valid=1 (en=1) x_full=0 (en=1) y_loaded=0 (en=0)
# [DBG][EXPBUF][redmule_tb_wrap.i_redmule_tb.i_dut.i_redmule_top.i_x_exp_buffer] REWIND at t=19188000  read_ptr 384 -> mark 256  occ 384 -> 512  seg_consumed 128 -> 0
# [TB][STALL] Engine stalled at 19248000 ps | state=2 w_valid=0 (en=1) x_full=0 (en=0) y_loaded=1 (en=0)
# [TB][STALL] Engine stalled at 19252000 ps | state=2 w_valid=1 (en=1) x_full=0 (en=1) y_loaded=1 (en=0)
# [DBG][KWAIT] t=19322000 w_cols_iter_en w_cols_q=0->1 w_rows_q=127 z_height_now=64 y_height_now=64
# [DBG][YPUSH] t=19324000 y_push_cnt=0/64 y_height=64 accum=1 pushing_y=0 w_rows=0
# [DBG][FILL] t=19325000 fill_cnt=0/64 z_height=64 y_height=64
# [TB][STALL] Engine stalled at 19382000 ps | state=2 w_valid=0 (en=1) x_full=0 (en=0) y_loaded=1 (en=0)
# [DBG][YPUSH] t=19388000 y_push_cnt=63/64 y_height=64 accum=0 pushing_y=1 w_rows=32
# [DBG][FILL] t=19389000 fill_cnt=63/64 z_height=64 y_height=64
# [DBG][KTILE] t=19421000 y_cols_iter 1 -> 0  y_height=64 z_height=64  y_rows_q=2  first_load=0  LEFTOVERS[7:0]=0  W_ITERS[15:0]=2  w_cols_iter_q=1
# [DBG][ZEMPTY] t=19421000 w_cols_q=1 y_cols_q=1 y_height=64 z_height=64 first_load=0
# [TB][STALL] Engine stalled at 19451000 ps | state=2 w_valid=1 (en=1) x_full=0 (en=1) y_loaded=0 (en=0)
# [DBG][EXPBUF][redmule_tb_wrap.i_redmule_tb.i_dut.i_redmule_top.i_x_exp_buffer] MARK at t=19580000  read_ptr=384  write_ptr=768  occ=384  total_written=768  total_count=768  seg_consumed=128
# [TB][STALL] Engine stalled at 19640000 ps | state=2 w_valid=0 (en=1) x_full=0 (en=0) y_loaded=1 (en=0)
# [TB][STALL] Engine stalled at 19644000 ps | state=2 w_valid=1 (en=1) x_full=0 (en=1) y_loaded=1 (en=0)
# [DBG][EXPBUF][redmule_tb_wrap.i_redmule_tb.i_dut.i_redmule_top.i_w_exp_buffer] REWIND at t=19681000  read_ptr 512 -> mark 0  occ 0 -> 512  seg_consumed 512 -> 0
# [DBG][KWAIT] t=19681000 w_cols_iter_en w_cols_q=1->0 w_rows_q=127 z_height_now=64 y_height_now=64
# [TB][STALL] Engine stalled at 19683000 ps | state=2 w_valid=0 (en=1) x_full=0 (en=0) y_loaded=1 (en=1)
# [DBG][KTILE] t=19787000 y_cols_iter 0 -> 1  y_height=64 z_height=64  y_rows_q=3  first_load=0  LEFTOVERS[7:0]=0  W_ITERS[15:0]=2  w_cols_iter_q=0
# [DBG][ZEMPTY] t=19787000 w_cols_q=0 y_cols_q=0 y_height=64 z_height=64 first_load=0
# [TB][STALL] Engine stalled at 19817000 ps | state=2 w_valid=1 (en=1) x_full=0 (en=1) y_loaded=0 (en=0)
# [DBG][EXPBUF][redmule_tb_wrap.i_redmule_tb.i_dut.i_redmule_top.i_x_exp_buffer] REWIND at t=19972000  read_ptr 512 -> mark 384  occ 256 -> 384  seg_consumed 128 -> 0
# [TB][STALL] Engine stalled at 20032000 ps | state=2 w_valid=0 (en=1) x_full=0 (en=0) y_loaded=1 (en=0)
# [TB][STALL] Engine stalled at 20036000 ps | state=2 w_valid=1 (en=1) x_full=0 (en=1) y_loaded=1 (en=0)
# [DBG][KWAIT] t=20106000 w_cols_iter_en w_cols_q=0->1 w_rows_q=127 z_height_now=64 y_height_now=64
# [DBG][YPUSH] t=20108000 y_push_cnt=0/64 y_height=64 accum=1 pushing_y=0 w_rows=0
# [DBG][FILL] t=20109000 fill_cnt=0/64 z_height=64 y_height=64
# [TB][STALL] Engine stalled at 20166000 ps | state=2 w_valid=0 (en=1) x_full=0 (en=0) y_loaded=1 (en=0)
# [DBG][YPUSH] t=20172000 y_push_cnt=63/64 y_height=64 accum=0 pushing_y=1 w_rows=32
# [DBG][FILL] t=20173000 fill_cnt=63/64 z_height=64 y_height=64
# [DBG][KTILE] t=20205000 y_cols_iter 1 -> 0  y_height=64 z_height=64  y_rows_q=3  first_load=0  LEFTOVERS[7:0]=0  W_ITERS[15:0]=2  w_cols_iter_q=1
# [DBG][ZEMPTY] t=20205000 w_cols_q=1 y_cols_q=1 y_height=64 z_height=64 first_load=0
# [TB][STALL] Engine stalled at 20235000 ps | state=2 w_valid=1 (en=1) x_full=0 (en=1) y_loaded=0 (en=0)
# [DBG][EXPBUF][redmule_tb_wrap.i_redmule_tb.i_dut.i_redmule_top.i_x_exp_buffer] MARK at t=20364000  read_ptr=512  write_ptr=768  occ=256  total_written=768  total_count=768  seg_consumed=128
# [TB][STALL] Engine stalled at 20424000 ps | state=2 w_valid=0 (en=1) x_full=0 (en=0) y_loaded=1 (en=0)
# [TB][STALL] Engine stalled at 20428000 ps | state=2 w_valid=1 (en=1) x_full=0 (en=1) y_loaded=1 (en=0)
# [DBG][EXPBUF][redmule_tb_wrap.i_redmule_tb.i_dut.i_redmule_top.i_w_exp_buffer] REWIND at t=20465000  read_ptr 512 -> mark 0  occ 0 -> 512  seg_consumed 512 -> 0
# [DBG][KWAIT] t=20465000 w_cols_iter_en w_cols_q=1->0 w_rows_q=127 z_height_now=64 y_height_now=64
# [TB][STALL] Engine stalled at 20467000 ps | state=2 w_valid=0 (en=1) x_full=0 (en=0) y_loaded=1 (en=1)
# [DBG][KTILE] t=20571000 y_cols_iter 0 -> 1  y_height=64 z_height=64  y_rows_q=4  first_load=0  LEFTOVERS[7:0]=0  W_ITERS[15:0]=2  w_cols_iter_q=0
# [DBG][ZEMPTY] t=20571000 w_cols_q=0 y_cols_q=0 y_height=64 z_height=64 first_load=0
# [TB][STALL] Engine stalled at 20601000 ps | state=2 w_valid=1 (en=1) x_full=0 (en=1) y_loaded=0 (en=0)
# [DBG][EXPBUF][redmule_tb_wrap.i_redmule_tb.i_dut.i_redmule_top.i_x_exp_buffer] REWIND at t=20756000  read_ptr 640 -> mark 512  occ 128 -> 256  seg_consumed 128 -> 0
# [TB][STALL] Engine stalled at 20816000 ps | state=2 w_valid=0 (en=1) x_full=0 (en=0) y_loaded=1 (en=0)
# [TB][STALL] Engine stalled at 20820000 ps | state=2 w_valid=1 (en=1) x_full=0 (en=1) y_loaded=1 (en=0)
# [DBG][KWAIT] t=20890000 w_cols_iter_en w_cols_q=0->1 w_rows_q=127 z_height_now=64 y_height_now=64
# [DBG][YPUSH] t=20892000 y_push_cnt=0/64 y_height=64 accum=1 pushing_y=0 w_rows=0
# [DBG][FILL] t=20893000 fill_cnt=0/64 z_height=64 y_height=64
# [TB][STALL] Engine stalled at 20950000 ps | state=2 w_valid=0 (en=1) x_full=0 (en=0) y_loaded=1 (en=0)
# [DBG][YPUSH] t=20956000 y_push_cnt=63/64 y_height=64 accum=0 pushing_y=1 w_rows=32
# [DBG][FILL] t=20957000 fill_cnt=63/64 z_height=64 y_height=64
# [DBG][KTILE] t=20989000 y_cols_iter 1 -> 0  y_height=64 z_height=64  y_rows_q=4  first_load=0  LEFTOVERS[7:0]=0  W_ITERS[15:0]=2  w_cols_iter_q=1
# [DBG][ZEMPTY] t=20989000 w_cols_q=1 y_cols_q=1 y_height=64 z_height=64 first_load=0
# [TB][STALL] Engine stalled at 21019000 ps | state=2 w_valid=1 (en=1) x_full=0 (en=1) y_loaded=0 (en=0)
# [DBG][EXPBUF][redmule_tb_wrap.i_redmule_tb.i_dut.i_redmule_top.i_x_exp_buffer] MARK at t=21148000  read_ptr=640  write_ptr=768  occ=128  total_written=768  total_count=768  seg_consumed=128
# [TB][STALL] Engine stalled at 21208000 ps | state=2 w_valid=0 (en=1) x_full=0 (en=0) y_loaded=1 (en=0)
# [TB][STALL] Engine stalled at 21212000 ps | state=2 w_valid=1 (en=1) x_full=0 (en=1) y_loaded=1 (en=0)
# [DBG][EXPBUF][redmule_tb_wrap.i_redmule_tb.i_dut.i_redmule_top.i_w_exp_buffer] REWIND at t=21249000  read_ptr 512 -> mark 0  occ 0 -> 512  seg_consumed 512 -> 0
# [DBG][KWAIT] t=21249000 w_cols_iter_en w_cols_q=1->0 w_rows_q=127 z_height_now=64 y_height_now=64
# [TB][STALL] Engine stalled at 21251000 ps | state=2 w_valid=0 (en=1) x_full=0 (en=0) y_loaded=1 (en=1)
# [DBG][KTILE] t=21355000 y_cols_iter 0 -> 1  y_height=64 z_height=64  y_rows_q=5  first_load=0  LEFTOVERS[7:0]=0  W_ITERS[15:0]=2  w_cols_iter_q=0
# [DBG][ZEMPTY] t=21355000 w_cols_q=0 y_cols_q=0 y_height=64 z_height=64 first_load=0
# [TB][STALL] Engine stalled at 21385000 ps | state=2 w_valid=1 (en=1) x_full=0 (en=1) y_loaded=0 (en=0)
# [DBG][EXPBUF][redmule_tb_wrap.i_redmule_tb.i_dut.i_redmule_top.i_x_exp_buffer] REWIND at t=21540000  read_ptr 768 -> mark 640  occ 0 -> 128  seg_consumed 128 -> 0
# [TB][STALL] Engine stalled at 21600000 ps | state=2 w_valid=0 (en=1) x_full=0 (en=0) y_loaded=1 (en=0)
# [TB][STALL] Engine stalled at 21604000 ps | state=2 w_valid=1 (en=1) x_full=0 (en=1) y_loaded=1 (en=0)
# [DBG][KWAIT] t=21674000 w_cols_iter_en w_cols_q=0->1 w_rows_q=127 z_height_now=64 y_height_now=64
# [DBG][YPUSH] t=21676000 y_push_cnt=0/64 y_height=64 accum=1 pushing_y=0 w_rows=0
# [DBG][FILL] t=21677000 fill_cnt=0/64 z_height=64 y_height=64
# [TB][STALL] Engine stalled at 21734000 ps | state=2 w_valid=0 (en=1) x_full=0 (en=0) y_loaded=1 (en=0)
# [DBG][YPUSH] t=21740000 y_push_cnt=63/64 y_height=64 accum=0 pushing_y=1 w_rows=32
# [DBG][FILL] t=21741000 fill_cnt=63/64 z_height=64 y_height=64
# [DBG][KTILE] t=21773000 y_cols_iter 1 -> 0  y_height=64 z_height=64  y_rows_q=5  first_load=0  LEFTOVERS[7:0]=0  W_ITERS[15:0]=2  w_cols_iter_q=1
# [DBG][ZEMPTY] t=21773000 w_cols_q=1 y_cols_q=1 y_height=64 z_height=64 first_load=0
# [TB][STALL] Engine stalled at 21803000 ps | state=2 w_valid=1 (en=1) x_full=0 (en=1) y_loaded=0 (en=0)
# [DBG][KWAIT] t=21994000 w_cols_iter_en w_cols_q=1->0 w_rows_q=127 z_height_now=64 y_height_now=64
# [DBG][KTILE] t=22092000 y_cols_iter 0 -> 1  y_height=64 z_height=64  y_rows_q=6  first_load=0  LEFTOVERS[7:0]=0  W_ITERS[15:0]=2  w_cols_iter_q=0
# [DBG][ZEMPTY] t=22092000 w_cols_q=0 y_cols_q=0 y_height=64 z_height=64 first_load=0
# Resumed!
# Terminated test with 0 errors. See you!
# [TB] - cnt_rd=14562   
# [TB] - cnt_wr=1728    
# [PERF] total cycles    : 5021
# [PERF] busy cycles     : 5010
# [PERF] busy ratio      : 99.78 %
# [PERF] MX blocks dec   : 4608
# [PERF] MX blocks dec X : 1536
# [PERF] MX blocks dec W : 3072
# [PERF] MX blocks enc   : 768
# [PERF] X unpack in     : 768
# [PERF] W unpack in     : 1536
# [PERF] X unpack out    : 768
# [PERF] W unpack out    : 1536
# [PERF] X fifo pop      : 768
# [PERF] W fifo pop      : 1536
# [PERF] W load cycles   : 1536
# [PERF] W shift cycles  : 3272
# [PERF] W valid cycles  : 4074
# [PERF] engine cycles   : 5021
# [PERF] engine util     : 2.55 %
# [PERF] load->store cycles : 5006
# [PERF] ideal cycles       : 128
# [PERF] engine utilization : 2.56 %
# [PERF] X stream done   : 12
# [PERF] W stream done   : 1
# [PERF] Z stream done   : 1
# [PERF] engine window cycles : 4828
# [TB][STALL] events       : 46
# [TB][STALL] cycles       : 1555
# [TB][ZHOLD] hold cycles  : 0
# [TB][ZHOLD] violations   : 0
# [TB] - Success!
# [TB] - errors=00000000
# ** Note: $finish    : /scratch2/msc25h32/redmule/target/sim/src/redmule_tb.sv(1766)
#    Time: 441402 ns  Iteration: 1  Instance: /redmule_tb_wrap/i_redmule_tb
# [TB DEBUG] Memory at y_inp (0x1c0103dc):
#   [0]: 0x71707071
#   [1]: 0x6f707171
#   [2]: 0x71717071
#   [3]: 0x70717070
#   [4]: 0x6e707071
#   [5]: 0x70707070
#   [6]: 0x71707070
#   [7]: 0x706e7070
# [TB DEBUG] Memory at z_oup (check address):
# [TB] - MX encoder outputs written to mx_encoder_*.txt
# [load_fifo 0] depth=32 req_peak=8 rsp_peak=10 req_bp=0 rsp_in_bp=0 rsp_out_bp=4163
# [load_fifo 1] depth=32 req_peak=1 rsp_peak=3 req_bp=0 rsp_in_bp=0 rsp_out_bp=3991
# [load_fifo 2] depth=32 req_peak=22 rsp_peak=24 req_bp=0 rsp_in_bp=0 rsp_out_bp=3791
# [load_fifo 3] depth=32 req_peak=6 rsp_peak=1 req_bp=0 rsp_in_bp=0 rsp_out_bp=0
# [load_fifo 4] depth=32 req_peak=16 rsp_peak=1 req_bp=0 rsp_in_bp=0 rsp_out_bp=0
# [mx_arbiter] force_rr=0 strict_alt=0 x_req=3748 w_req=4487 both_req=3523 x_block_fifo=105 w_block_fifo=485 x_grant=1536 w_grant=3072 rr_flips=3037 w_prio_grants=595
# End time: 18:14:25 on Apr 08,2026, Elapsed time: 0:05:36
# Errors: 0, Warnings: 3
