cd /scratch2/msc25h32/redmule/target/sim/vsim;                \
questa-2023.4 vsim redmule_tb_wrap_opt \
 -suppress vsim-3009 -c -suppress 3009                  \
                 \
+STIM_INSTR=/scratch2/msc25h32/redmule/sw/build/stim_instr.txt     \
+STIM_DATA=/scratch2/msc25h32/redmule/sw/build/stim_data.txt       \
+STACK_INIT=/scratch2/msc25h32/redmule/sw/build/stack_init.txt     \
-gPROB_STALL=0.0       \
-gUseXif=0            \
-do "run -a"
Reading pref.tcl

# 2023.4

# vsim redmule_tb_wrap_opt -suppress vsim-3009 -suppress 3009 -c "+STIM_INSTR=/scratch2/msc25h32/redmule/sw/build/stim_instr.txt" "+STIM_DATA=/scratch2/msc25h32/redmule/sw/build/stim_data.txt" "+STACK_INIT=/scratch2/msc25h32/redmule/sw/build/stack_init.txt" -do "run -a" -gUseXif=0 -gPROB_STALL=0.0 
# Start time: 15:14:43 on Mar 17,2026
# //  Questa Sim-64
# //  Version 2023.4 linux_x86_64 Oct  9 2023
# //
# //  Copyright 1991-2023 Mentor Graphics Corporation
# //  All Rights Reserved.
# //
# //  QuestaSim and its associated documentation contain trade
# //  secrets and commercial or financial information that are the property of
# //  Mentor Graphics Corporation and are privileged, confidential,
# //  and exempt from disclosure under the Freedom of Information Act,
# //  5 U.S.C. Section 552. Furthermore, this information
# //  is prohibited from disclosure under the Trade Secrets Act,
# //  18 U.S.C. Section 1905.
# //
# Loading sv_std.std
# Loading work.fpnew_pkg(fast)
# Loading work.hwpe_stream_package(fast)
# Loading work.hci_package(fast)
# Loading work.redmule_pkg(fast)
# Loading work.redmule_tb_wrap(fast)
# Loading work.redmule_tb_sv_unit(fast)
# Loading work.redmule_tb(fast)
# Loading work.hwpe_stream_intf_stream(fast__1)
# Loading work.hci_core_intf(fast__1)
# Loading work.tb_dummy_memory(fast)
# Loading work.tb_dummy_memory(fast__1)
# ** Warning: (vsim-3852) Invalid override of parameter '/redmule_tb_wrap/i_redmule_tb/i_dummy_imemory/PROB_STALL' whose value may no longer be modified.
#    Time: 0 ns  Iteration: 0  Instance: /redmule_tb_wrap/i_redmule_tb/i_dummy_imemory File: /scratch2/msc25h32/redmule/target/sim/src/tb_dummy_memory.sv
# ** Warning: (vsim-3852) Invalid override of parameter '/redmule_tb_wrap/i_redmule_tb/i_dummy_stack_memory/PROB_STALL' whose value may no longer be modified.
#    Time: 0 ns  Iteration: 0  Instance: /redmule_tb_wrap/i_redmule_tb/i_dummy_stack_memory File: /scratch2/msc25h32/redmule/target/sim/src/tb_dummy_memory.sv
# Loading work.cf_math_pkg(fast)
# Loading work.obi_pkg(fast)
# Loading work.hwpe_ctrl_package(fast)
# Loading work.cv32e40x_pkg(fast)
# Loading work.redmule_complex(fast)
# Loading work.hwpe_ctrl_intf_periph(fast__1)
# Loading work.tc_clk_gating(fast)
# Loading work.cv32e40x_if_xif(fast__1)
# Loading work.obi_cut(fast)
# Loading work.spill_register(fast)
# Loading work.spill_register_flushable(fast)
# Loading work.spill_register(fast__1)
# Loading work.spill_register_flushable(fast__1)
# Loading work.redmule_top(fast)
# Loading work.hwpe_ctrl_intf_periph(fast__2)
# Loading work.hwpe_stream_intf_stream(fast__2)
# Loading work.hwpe_stream_intf_stream(fast__3)
# Loading work.hwpe_stream_intf_stream(fast__4)
# Loading work.redmule_streamer(fast)
# Loading work.hci_core_intf(fast__2)
# Loading work.hci_core_assign(fast)
# Loading work.redmule_mux(fast)
# Loading work.hci_core_r_id_filter(fast)
# Loading work.hci_core_r_valid_filter(fast)
# Loading work.hci_core_sink(fast)
# Loading work.hwpe_stream_intf_stream(fast__5)
# Loading work.hwpe_stream_intf_stream(fast__6)
# Loading work.hci_core_intf(fast__4)
# Loading work.hwpe_stream_addressgen_v3_sv_unit(fast)
# Loading work.hwpe_stream_addressgen_v3(fast)
# Loading work.hwpe_stream_fifo_sv_unit(fast)
# Loading work.hwpe_stream_fifo(fast)
# Loading work.hci_core_assign(fast__1)
# Loading work.hci_core_intf(fast__5)
# Loading work.hci_core_intf(fast__6)
# Loading work.redmule_castout_sv_unit(fast)
# Loading work.redmule_castout(fast)
# Loading work.fpnew_cast_multi(fast)
# Loading work.fpnew_classifier(fast)
# Loading work.fpnew_classifier(fast__1)
# Loading work.fpnew_classifier(fast__2)
# Loading work.lzc(fast)
# Loading work.fpnew_rounding(fast)
# Loading work.hci_core_fifo(fast)
# Loading work.hwpe_stream_intf_stream(fast__7)
# Loading work.hwpe_stream_intf_stream(fast__8)
# Loading work.hwpe_stream_intf_stream(fast__9)
# Loading work.hwpe_stream_intf_stream(fast__10)
# Loading work.hwpe_stream_fifo(fast__1)
# Loading work.hwpe_stream_fifo(fast__2)
# Loading work.hci_core_assign(fast__2)
# Loading work.hci_core_assign(fast__3)
# Loading work.hci_core_fifo(fast__1)
# Loading work.hwpe_stream_fifo(fast__3)
# Loading work.hwpe_stream_fifo(fast__4)
# Loading work.redmule_castin_sv_unit(fast)
# Loading work.redmule_castin(fast)
# Loading work.hci_core_source(fast)
# Loading work.hwpe_stream_intf_stream(fast__12)
# Loading work.hwpe_stream_addressgen_v3(fast__1)
# Loading work.hwpe_stream_fifo(fast__5)
# Loading work.hwpe_stream_intf_stream(fast__13)
# Loading work.hwpe_stream_intf_stream(fast__14)
# Loading work.hwpe_stream_fifo(fast__6)
# Loading work.hwpe_stream_assign_sv_unit(fast)
# Loading work.hwpe_stream_assign(fast)
# Loading work.hwpe_stream_assign(fast__1)
# Loading work.hwpe_stream_fifo(fast__7)
# Loading work.redmule_exp_buffer(fast)
# Loading work.redmule_exp_buffer(fast__1)
# Loading work.redmule_mx_slot_buffer(fast)
# Loading work.redmule_mx_arbiter(fast)
# Loading work.redmule_mx_decoder(fast)
# Loading work.redmule_mx_input_mux(fast)
# Loading work.redmule_mx_beat_unpack(fast)
# Loading work.hwpe_stream_fifo(fast__8)
# Loading work.hwpe_stream_fifo(fast__9)
# Loading work.redmule_x_buffer(fast)
# Loading work.redmule_x_pad_scm(fast)
# Loading work.redmule_x_buffer_scm(fast)
# Loading work.redmule_w_buffer(fast)
# Loading work.redmule_w_buffer_scm(fast)
# Loading work.redmule_z_buffer(fast)
# Loading work.redmule_z_buffer_scm(fast)
# Loading work.redmule_engine(fast)
# Loading work.redmule_row(fast)
# Loading work.redmule_ce(fast)
# Loading work.cluster_clock_gating(fast)
# Loading work.redmule_noncomp(fast)
# Loading work.fpnew_classifier(fast__3)
# Loading work.redmule_fma(fast)
# Loading work.fpnew_classifier(fast__4)
# Loading work.lzc(fast__1)
# Loading work.fpnew_rounding(fast__1)
# Loading work.redmule_noncomp(fast__1)
# Loading work.redmule_mx_output_stage(fast)
# Loading work.redmule_mx_fifo(fast)
# Loading work.redmule_mx_encoder(fast)
# Loading work.redmule_memory_scheduler(fast)
# Loading work.redmule_ctrl_sv_unit(fast)
# Loading work.redmule_ctrl(fast)
# Loading work.hwpe_ctrl_slave(fast)
# Loading work.hwpe_ctrl_regfile(fast)
# Loading work.hwpe_ctrl_regfile_latch_test_wrap(fast)
# Loading work.hwpe_ctrl_regfile_ff(fast)
# Loading work.redmule_tiler(fast)
# Loading work.hwpe_ctrl_seq_mult(fast)
# Loading work.hwpe_ctrl_seq_mult(fast__1)
# Loading work.redmule_scheduler(fast)
# Loading work.hwpe_stream_intf_tcdm(fast__1)
# Loading work.cv32e40p_apu_core_pkg(fast)
# Loading work.cv32e40p_wrapper(fast)
# Loading work.cv32e40p_core_log(fast)
# Loading work.cv32e40p_pkg(fast)
# Loading work.cv32e40p_tracer_pkg(fast)
# Loading mtiUvm.uvm_pkg(fast)
# Loading mtiUvm.questa_uvm_pkg(fast)
# Loading work.cv32e40p_tracer(fast)
# Loading work.cv32e40p_core(fast)
# Loading work.cv32e40p_sleep_unit(fast)
# Loading work.cv32e40p_clock_gate(fast)
# Loading work.cv32e40p_if_stage(fast)
# Loading work.cv32e40p_prefetch_buffer(fast)
# Loading work.cv32e40p_prefetch_controller(fast)
# Loading work.cv32e40p_fifo(fast)
# Loading work.cv32e40p_obi_interface(fast)
# Loading work.cv32e40p_aligner(fast)
# Loading work.cv32e40p_compressed_decoder(fast)
# Loading work.cv32e40p_fpu_pkg(fast)
# Loading work.cv32e40p_id_stage(fast)
# Loading work.cv32e40p_register_file(fast)
# Loading work.cv32e40p_decoder(fast)
# Loading work.cv32e40p_controller(fast)
# Loading work.cv32e40p_int_controller(fast)
# Loading work.cv32e40p_ex_stage(fast)
# Loading work.cv32e40p_alu(fast)
# Loading work.cv32e40p_popcnt(fast)
# Loading work.cv32e40p_ff_one(fast)
# Loading work.cv32e40p_alu_div(fast)
# Loading work.cv32e40p_mult(fast)
# Loading work.cv32e40p_load_store_unit(fast)
# Loading work.cv32e40p_obi_interface(fast__1)
# Loading work.cv32e40p_cs_registers(fast)
# Loading work.addr_decode(fast)
# Loading work.addr_decode_dync(fast)
# Loading work.obi_demux(fast)
# Loading work.delta_counter(fast)
# Loading work.hci_core_intf(fast__3)
# Loading work.hci_core_intf(fast__7)
# Loading work.hci_core_intf(fast__8)
# Loading work.hci_core_intf(fast__9)
# Loading work.hwpe_stream_intf_stream(fast__11)
# Loading /usr/pack/questa-2023.4-zr/questasim/uvm-1.1d/linux_x86_64/uvm_dpi.so
# run -a
# ----------------------------------------------------------------
# UVM-1.1d
# (C) 2007-2013 Mentor Graphics Corporation
# (C) 2007-2013 Cadence Design Systems, Inc.
# (C) 2006-2013 Synopsys, Inc.
# (C) 2011-2013 Cypress Semiconductor Corp.
# ----------------------------------------------------------------
# 
#   ***********       IMPORTANT RELEASE NOTES         ************
# 
#   You are using a version of the UVM library that has been compiled
#   with `UVM_NO_DEPRECATED undefined.
#   See http://www.eda.org/svdb/view.php?id=3313 for more details.
# 
#   You are using a version of the UVM library that has been compiled
#   with `UVM_OBJECT_MUST_HAVE_CONSTRUCTOR undefined.
#   See http://www.eda.org/svdb/view.php?id=3770 for more details.
# 
#       (Specify +UVM_NO_RELNOTES to turn off this notice)
# 
# UVM_INFO verilog_src/questa_uvm_pkg-1.2/src/questa_uvm_pkg.sv(277) @ 0: reporter [Questa UVM] QUESTA_UVM-1.2.3
# UVM_INFO verilog_src/questa_uvm_pkg-1.2/src/questa_uvm_pkg.sv(278) @ 0: reporter [Questa UVM]  questa_uvm::init(+struct)
# [TB][STALL] Monitoring scheduler stall_engine (non-fatal)
# [cv32e40p_core]: PULP_XPULP =          0, PULP_CLUSTER =           0, FPU          0, PULP_ZFINX          0, NUM_MHPMCOUNTERS           1
# Please find STIM_INSTR loaded from /scratch2/msc25h32/redmule/sw/build/stim_instr.txt
# Please find STIM_DATA loaded from /scratch2/msc25h32/redmule/sw/build/stim_data.txt
# Please find STACK_INIT loaded from /scratch2/msc25h32/redmule/sw/build/stack_init.txt
# [TB] MX dir derived from STIM_DATA: /scratch2/msc25h32/redmule/sw/build
# [TB] FW is responsible for loading MX exponent tables
# [CORE_TRACER  0] Output filename is: trace_core_00000000.log
# [DEBUG] Main started
# [DEBUG] Writing ARITH reg: 0x00000480 (MX enable=0)
# [DEBUG] X addr: 0x1c01c170, W addr: 0x1c018170, Z addr: 0x1c014170
# Triggering accelerator and going to sleep...
# ** Warning: ASSERTION FAILURE HWPE_STREAM_VALID_DEASSERT          1
#    Time: 9169 ns Started: 9169 ns  Scope: redmule_tb_wrap.i_redmule_tb.i_dut.i_redmule_top.i_streamer.gen_tcdm2stream[2].i_stream_source.missaligned_access_gen.addr_misaligned_push.HWPE_STREAM_VALID_DEASSERT File: /scratch2/msc25h32/redmule/.bender/git/checkouts/hwpe-stream-ab150de1021c0132/rtl/hwpe_stream_interfaces.sv Line: 120
# [DBG][KTILE] t=9306000 y_cols_iter 0 -> 1  y_height=64 z_height=64  y_rows_q=0  first_load=1  LEFTOVERS[7:0]=0  W_ITERS[15:0]=2  w_cols_iter_q=0
# [DBG][ZEMPTY] t=9306000 w_cols_q=0 y_cols_q=0 y_height=64 z_height=64 first_load=1
# [DBG][KWAIT] t=9369000 w_cols_iter_en w_cols_q=0->1 w_rows_q=63 z_height_now=64 y_height_now=64
# [DBG][YPUSH] t=9371000 y_push_cnt=0/64 y_height=64 accum=1 pushing_y=0 w_rows=0
# [DBG][FILL] t=9372000 fill_cnt=0/64 z_height=64 y_height=64
# [DBG][YPUSH] t=9434000 y_push_cnt=63/64 y_height=64 accum=0 pushing_y=1 w_rows=32
# [DBG][FILL] t=9435000 fill_cnt=63/64 z_height=64 y_height=64
# [DBG][KWAIT] t=9497000 w_cols_iter_en w_cols_q=1->0 w_rows_q=63 z_height_now=64 y_height_now=64
# [TB][STALL] Engine stalled at 9499000 ps | state=2 w_valid=1 (en=1) x_full=0 (en=0) y_loaded=0 (en=1)
# ** Warning: [TB][RSPCHK] redmule_tcdm changed under backpressure at 9515000: prev_valid=1 prev_data=0x3358350d397c33fa32b22e3c3b4b303c3a513add3b5b38e7382f34a52c2f3943339c37553b5e3b97398a3bc43422357e31ab11ac3ba7387b3bf732472a12364232e23a1e36e039b538d93a0039892cef2e7c353f3a933be9362239802d181957307e3b8134b23b2f3bcb3b4b22f4366c3bcd2cc12c2838ec38c5382637bd35f3380b3bf0 now_valid=1 now_data=0x3775335b36c53a953165392839f3360a34fb388737ae3526328e3a7d34de2a5f35c92ab73a2137c13ad638303890389f3bbf327139343908381035b433a438593aad3920349b36ac394039473b7e39103b2739aa368d380735da326b378a3b683a6a3051389c345a246c3a403a61369635663a543b233866354e3b5136ca39f739e02cd6 r_ready=0
#    Time: 9515 ns  Scope: redmule_tb_wrap.i_redmule_tb.monitor_redmule_tcdm_rsp File: /scratch2/msc25h32/redmule/target/sim/src/redmule_tb.sv Line: 693
# ** Warning: HCI RSP-3 STABILITY protocol violation!          1
#    Time: 9515001 ps Started: 9515001 ps  Scope: redmule_tb_wrap.i_redmule_tb.redmule_tcdm.HCI_RSP3 File: /scratch2/msc25h32/redmule/.bender/git/checkouts/hci-5afd8126f874b49f/rtl/common/hci_interfaces.sv Line: 200
# [DBG][KTILE] t=9545000 y_cols_iter 1 -> 0  y_height=64 z_height=64  y_rows_q=0  first_load=0  LEFTOVERS[7:0]=0  W_ITERS[15:0]=2  w_cols_iter_q=0
# [DBG][ZEMPTY] t=9545000 w_cols_q=0 y_cols_q=1 y_height=64 z_height=64 first_load=0
# [DBG][KTILE] t=9703000 y_cols_iter 0 -> 1  y_height=64 z_height=64  y_rows_q=1  first_load=0  LEFTOVERS[7:0]=0  W_ITERS[15:0]=2  w_cols_iter_q=0
# [DBG][ZEMPTY] t=9703000 w_cols_q=0 y_cols_q=0 y_height=64 z_height=64 first_load=0
# [DBG][KWAIT] t=9703000 w_cols_iter_en w_cols_q=0->1 w_rows_q=63 z_height_now=64 y_height_now=64
# [DBG][YPUSH] t=9705000 y_push_cnt=0/64 y_height=64 accum=1 pushing_y=0 w_rows=0
# [TB][STALL] Engine stalled at 9705000 ps | state=2 w_valid=1 (en=1) x_full=0 (en=0) y_loaded=0 (en=1)
# [DBG][YPUSH] t=9706000 y_push_cnt=0/64 y_height=64 accum=0 pushing_y=1 w_rows=0
# [DBG][YPUSH] t=9707000 y_push_cnt=0/64 y_height=64 accum=0 pushing_y=1 w_rows=0
# [DBG][YPUSH] t=9708000 y_push_cnt=0/64 y_height=64 accum=0 pushing_y=1 w_rows=0
# [DBG][YPUSH] t=9709000 y_push_cnt=0/64 y_height=64 accum=0 pushing_y=1 w_rows=0
# [DBG][YPUSH] t=9710000 y_push_cnt=0/64 y_height=64 accum=0 pushing_y=1 w_rows=0
# [DBG][YPUSH] t=9711000 y_push_cnt=0/64 y_height=64 accum=0 pushing_y=1 w_rows=0
# [DBG][YPUSH] t=9712000 y_push_cnt=0/64 y_height=64 accum=0 pushing_y=1 w_rows=0
# [DBG][YPUSH] t=9713000 y_push_cnt=0/64 y_height=64 accum=0 pushing_y=1 w_rows=0
# [DBG][YPUSH] t=9714000 y_push_cnt=0/64 y_height=64 accum=0 pushing_y=1 w_rows=0
# [DBG][YPUSH] t=9715000 y_push_cnt=0/64 y_height=64 accum=0 pushing_y=1 w_rows=0
# [DBG][YPUSH] t=9716000 y_push_cnt=0/64 y_height=64 accum=0 pushing_y=1 w_rows=0
# [DBG][YPUSH] t=9717000 y_push_cnt=0/64 y_height=64 accum=0 pushing_y=1 w_rows=0
# [DBG][YPUSH] t=9718000 y_push_cnt=0/64 y_height=64 accum=0 pushing_y=1 w_rows=0
# [DBG][YPUSH] t=9719000 y_push_cnt=0/64 y_height=64 accum=0 pushing_y=1 w_rows=0
# [DBG][YPUSH] t=9720000 y_push_cnt=0/64 y_height=64 accum=0 pushing_y=1 w_rows=0
# [DBG][YPUSH] t=9721000 y_push_cnt=0/64 y_height=64 accum=0 pushing_y=1 w_rows=0
# [DBG][YPUSH] t=9722000 y_push_cnt=0/64 y_height=64 accum=0 pushing_y=1 w_rows=0
# [DBG][YPUSH] t=9723000 y_push_cnt=0/64 y_height=64 accum=0 pushing_y=1 w_rows=0
# [DBG][YPUSH] t=9724000 y_push_cnt=0/64 y_height=64 accum=0 pushing_y=1 w_rows=0
# [DBG][YPUSH] t=9725000 y_push_cnt=0/64 y_height=64 accum=0 pushing_y=1 w_rows=0
# [DBG][YPUSH] t=9726000 y_push_cnt=0/64 y_height=64 accum=0 pushing_y=1 w_rows=0
# [DBG][YPUSH] t=9727000 y_push_cnt=0/64 y_height=64 accum=0 pushing_y=1 w_rows=0
# [DBG][YPUSH] t=9728000 y_push_cnt=0/64 y_height=64 accum=0 pushing_y=1 w_rows=0
# [DBG][YPUSH] t=9729000 y_push_cnt=0/64 y_height=64 accum=0 pushing_y=1 w_rows=0
# [DBG][YPUSH] t=9730000 y_push_cnt=0/64 y_height=64 accum=0 pushing_y=1 w_rows=0
# [DBG][YPUSH] t=9731000 y_push_cnt=0/64 y_height=64 accum=0 pushing_y=1 w_rows=0
# [DBG][YPUSH] t=9732000 y_push_cnt=0/64 y_height=64 accum=0 pushing_y=1 w_rows=0
# [DBG][YPUSH] t=9733000 y_push_cnt=0/64 y_height=64 accum=0 pushing_y=1 w_rows=0
# [DBG][YPUSH] t=9734000 y_push_cnt=0/64 y_height=64 accum=0 pushing_y=1 w_rows=0
# [DBG][YPUSH] t=9735000 y_push_cnt=0/64 y_height=64 accum=0 pushing_y=1 w_rows=0
# [DBG][FILL] t=9736000 fill_cnt=0/64 z_height=64 y_height=64
# [DBG][YPUSH] t=9798000 y_push_cnt=63/64 y_height=64 accum=0 pushing_y=1 w_rows=32
# [DBG][FILL] t=9799000 fill_cnt=63/64 z_height=64 y_height=64
# [DBG][KTILE] t=9844000 y_cols_iter 1 -> 0  y_height=64 z_height=64  y_rows_q=1  first_load=0  LEFTOVERS[7:0]=0  W_ITERS[15:0]=2  w_cols_iter_q=1
# [DBG][ZEMPTY] t=9844000 w_cols_q=1 y_cols_q=1 y_height=64 z_height=64 first_load=0
# [DBG][KWAIT] t=9861000 w_cols_iter_en w_cols_q=1->0 w_rows_q=63 z_height_now=64 y_height_now=64
# [DBG][KTILE] t=9959000 y_cols_iter 0 -> 1  y_height=64 z_height=64  y_rows_q=2  first_load=0  LEFTOVERS[7:0]=0  W_ITERS[15:0]=2  w_cols_iter_q=0
# [DBG][ZEMPTY] t=9959000 w_cols_q=0 y_cols_q=0 y_height=64 z_height=64 first_load=0
# Resumed!
# Terminated test with 0 errors. See you!
# [TB] - cnt_rd=4608    
# [TB] - cnt_wr=1152    
# [PERF] total cycles    : 838
# [PERF] busy cycles     : 827
# [PERF] busy ratio      : 98.69 %
# [PERF] MX blocks dec   : 0
# [PERF] MX blocks dec X : 0
# [PERF] MX blocks dec W : 0
# [PERF] MX blocks enc   : 0
# [PERF] X unpack in     : 128
# [PERF] W unpack in     : 256
# [PERF] X unpack out    : 128
# [PERF] W unpack out    : 256
# [PERF] X fifo pop      : 128
# [PERF] W fifo pop      : 256
# [PERF] W load cycles   : 256
# [PERF] W shift cycles  : 613
# [PERF] W valid cycles  : 721
# [PERF] engine cycles   : 838
# [PERF] engine util     : 15.27 %
# [PERF] load->store cycles : 823
# [PERF] ideal cycles       : 128
# [PERF] engine utilization : 15.55 %
# [PERF] X stream done   : 4
# [PERF] W stream done   : 1
# [PERF] Z stream done   : 1
# [PERF] engine window cycles : 722
# [TB][STALL] events       : 2
# [TB][STALL] cycles       : 108
# [TB][ZHOLD] hold cycles  : 0
# [TB][ZHOLD] violations   : 0
# [TB] - Success!
# [TB] - errors=00000000
# ** Note: $finish    : /scratch2/msc25h32/redmule/target/sim/src/redmule_tb.sv(1766)
#    Time: 138352 ns  Iteration: 1  Instance: /redmule_tb_wrap/i_redmule_tb
# [TB DEBUG] Memory at y_inp (0x1c0103dc):
#   [0]: 0x4b734b78
#   [1]: 0x4c7b4baa
#   [2]: 0x4b204ae5
#   [3]: 0x4c074ba5
#   [4]: 0x4c0d4c09
#   [5]: 0x4c274bf4
#   [6]: 0x49e14b82
#   [7]: 0x4cb74b25
# [TB DEBUG] Memory at z_oup (check address):
# [TB] - MX encoder outputs written to mx_encoder_*.txt
# [load_fifo 0] depth=32 req_peak=20 rsp_peak=16 req_bp=0 rsp_in_bp=0 rsp_out_bp=308
# [load_fifo 1] depth=32 req_peak=1 rsp_peak=3 req_bp=0 rsp_in_bp=0 rsp_out_bp=435
# [load_fifo 2] depth=32 req_peak=32 rsp_peak=4294967295 req_bp=40 rsp_in_bp=1 rsp_out_bp=395
# [load_fifo 3] depth=32 req_peak=0 rsp_peak=0 req_bp=0 rsp_in_bp=0 rsp_out_bp=0
# [load_fifo 4] depth=32 req_peak=0 rsp_peak=0 req_bp=0 rsp_in_bp=0 rsp_out_bp=0
# [mx_arbiter] force_rr=0 strict_alt=0 x_req=0 w_req=0 both_req=0 x_block_fifo=0 w_block_fifo=0 x_grant=0 w_grant=0 rr_flips=0 w_prio_grants=0
# End time: 15:16:14 on Mar 17,2026, Elapsed time: 0:01:31
# Errors: 0, Warnings: 5
